<?xml version="1.0" encoding="UTF-8"?>
<testng-results skipped="0" failed="3" ignored="0" total="6" passed="3">
  <reporter-output>
  </reporter-output>
  <suite name="CRMPRO Test automtion regression suite" duration-ms="22406" started-at="2020-07-07T02:13:14Z" finished-at="2020-07-07T02:13:36Z">
    <groups>
    </groups>
    <test name="CRMPRO App Test - Chrome" duration-ms="12986" started-at="2020-07-07T02:13:14Z" finished-at="2020-07-07T02:13:27Z">
      <class name="com.mytest.LoginPageTest">
        <test-method status="PASS" signature="setup(java.lang.String)[pri:0, instance:com.mytest.LoginPageTest@4883b407]" name="setup" is-config="true" duration-ms="5914" started-at="2020-07-07T02:13:14Z" finished-at="2020-07-07T02:13:20Z">
          <params>
            <param index="0">
              <value>
                <![CDATA[chrome]]>
              </value>
            </param>
          </params>
          <reporter-output>
          </reporter-output>
        </test-method> <!-- setup -->
        <test-method status="PASS" signature="getGoogleTitleTest()[pri:0, instance:com.mytest.LoginPageTest@4883b407]" name="getGoogleTitleTest" duration-ms="13" started-at="2020-07-07T02:13:20Z" finished-at="2020-07-07T02:13:20Z">
          <reporter-output>
          </reporter-output>
        </test-method> <!-- getGoogleTitleTest -->
        <test-method status="PASS" signature="tearDown()[pri:0, instance:com.mytest.LoginPageTest@4883b407]" name="tearDown" is-config="true" duration-ms="123" started-at="2020-07-07T02:13:20Z" finished-at="2020-07-07T02:13:20Z">
          <reporter-output>
          </reporter-output>
        </test-method> <!-- tearDown -->
      </class> <!-- com.mytest.LoginPageTest -->
      <class name="com.mytest.HomePageTest">
        <test-method status="PASS" signature="setup(java.lang.String)[pri:0, instance:com.mytest.HomePageTest@7d9d1a19]" name="setup" is-config="true" duration-ms="6011" started-at="2020-07-07T02:13:20Z" finished-at="2020-07-07T02:13:26Z">
          <params>
            <param index="0">
              <value>
                <![CDATA[chrome]]>
              </value>
            </param>
          </params>
          <reporter-output>
          </reporter-output>
        </test-method> <!-- setup -->
        <test-method status="FAIL" signature="crmHomePageTest()[pri:0, instance:com.mytest.HomePageTest@7d9d1a19]" name="crmHomePageTest" duration-ms="774" started-at="2020-07-07T02:13:26Z" finished-at="2020-07-07T02:13:27Z">
          <exception class="java.lang.AssertionError">
            <message>
              <![CDATA[expected [CRMPRO] but found [CRMPRO - CRM software for customer relationship management, sales, and support.]]]>
            </message>
            <full-stacktrace>
              <![CDATA[java.lang.AssertionError: expected [CRMPRO] but found [CRMPRO - CRM software for customer relationship management, sales, and support.]
at org.testng.Assert.fail(Assert.java:96)
at org.testng.Assert.failNotEquals(Assert.java:776)
at org.testng.Assert.assertEqualsImpl(Assert.java:137)
at org.testng.Assert.assertEquals(Assert.java:118)
at org.testng.Assert.assertEquals(Assert.java:453)
at org.testng.Assert.assertEquals(Assert.java:463)
at com.mytest.HomePageTest.crmHomePageTest(HomePageTest.java:13)
at sun.reflect.NativeMethodAccessorImpl.invoke0(Native Method)
at sun.reflect.NativeMethodAccessorImpl.invoke(NativeMethodAccessorImpl.java:62)
at sun.reflect.DelegatingMethodAccessorImpl.invoke(DelegatingMethodAccessorImpl.java:43)
at java.lang.reflect.Method.invoke(Method.java:498)
at org.testng.internal.MethodInvocationHelper.invokeMethod(MethodInvocationHelper.java:124)
at org.testng.internal.Invoker.invokeMethod(Invoker.java:583)
at org.testng.internal.Invoker.invokeTestMethod(Invoker.java:719)
at org.testng.internal.Invoker.invokeTestMethods(Invoker.java:989)
at org.testng.internal.TestMethodWorker.invokeTestMethods(TestMethodWorker.java:125)
at org.testng.internal.TestMethodWorker.run(TestMethodWorker.java:109)
at org.testng.TestRunner.privateRun(TestRunner.java:648)
at org.testng.TestRunner.run(TestRunner.java:505)
at org.testng.SuiteRunner.runTest(SuiteRunner.java:455)
at org.testng.SuiteRunner.access$000(SuiteRunner.java:40)
at org.testng.SuiteRunner$SuiteWorker.run(SuiteRunner.java:489)
at org.testng.internal.thread.ThreadUtil$1.call(ThreadUtil.java:52)
at java.util.concurrent.FutureTask.run(FutureTask.java:266)
at java.util.concurrent.ThreadPoolExecutor.runWorker(ThreadPoolExecutor.java:1149)
at java.util.concurrent.ThreadPoolExecutor$Worker.run(ThreadPoolExecutor.java:624)
at java.lang.Thread.run(Thread.java:748)
]]>
            </full-stacktrace>
          </exception> <!-- java.lang.AssertionError -->
          <reporter-output>
          </reporter-output>
        </test-method> <!-- crmHomePageTest -->
        <test-method status="PASS" signature="tearDown()[pri:0, instance:com.mytest.HomePageTest@7d9d1a19]" name="tearDown" is-config="true" duration-ms="124" started-at="2020-07-07T02:13:27Z" finished-at="2020-07-07T02:13:27Z">
          <reporter-output>
          </reporter-output>
        </test-method> <!-- tearDown -->
      </class> <!-- com.mytest.HomePageTest -->
    </test> <!-- CRMPRO App Test - Chrome -->
    <test name="CRMPRO App Test - Firefox" duration-ms="18793" started-at="2020-07-07T02:13:14Z" finished-at="2020-07-07T02:13:32Z">
      <class name="com.mytest.LoginPageTest">
        <test-method status="PASS" signature="setup(java.lang.String)[pri:0, instance:com.mytest.LoginPageTest@1ce92674]" name="setup" is-config="true" duration-ms="8003" started-at="2020-07-07T02:13:14Z" finished-at="2020-07-07T02:13:22Z">
          <params>
            <param index="0">
              <value>
                <![CDATA[firefox]]>
              </value>
            </param>
          </params>
          <reporter-output>
          </reporter-output>
        </test-method> <!-- setup -->
        <test-method status="PASS" signature="getGoogleTitleTest()[pri:0, instance:com.mytest.LoginPageTest@1ce92674]" name="getGoogleTitleTest" duration-ms="35" started-at="2020-07-07T02:13:22Z" finished-at="2020-07-07T02:13:22Z">
          <reporter-output>
          </reporter-output>
        </test-method> <!-- getGoogleTitleTest -->
        <test-method status="PASS" signature="tearDown()[pri:0, instance:com.mytest.LoginPageTest@1ce92674]" name="tearDown" is-config="true" duration-ms="987" started-at="2020-07-07T02:13:22Z" finished-at="2020-07-07T02:13:23Z">
          <reporter-output>
          </reporter-output>
        </test-method> <!-- tearDown -->
      </class> <!-- com.mytest.LoginPageTest -->
      <class name="com.mytest.HomePageTest">
        <test-method status="PASS" signature="setup(java.lang.String)[pri:0, instance:com.mytest.HomePageTest@5700d6b1]" name="setup" is-config="true" duration-ms="7977" started-at="2020-07-07T02:13:23Z" finished-at="2020-07-07T02:13:31Z">
          <params>
            <param index="0">
              <value>
                <![CDATA[firefox]]>
              </value>
            </param>
          </params>
          <reporter-output>
          </reporter-output>
        </test-method> <!-- setup -->
        <test-method status="FAIL" signature="crmHomePageTest()[pri:0, instance:com.mytest.HomePageTest@5700d6b1]" name="crmHomePageTest" duration-ms="335" started-at="2020-07-07T02:13:31Z" finished-at="2020-07-07T02:13:31Z">
          <exception class="java.lang.AssertionError">
            <message>
              <![CDATA[expected [CRMPRO] but found [CRMPRO - CRM software for customer relationship management, sales, and support.]]]>
            </message>
            <full-stacktrace>
              <![CDATA[java.lang.AssertionError: expected [CRMPRO] but found [CRMPRO - CRM software for customer relationship management, sales, and support.]
at org.testng.Assert.fail(Assert.java:96)
at org.testng.Assert.failNotEquals(Assert.java:776)
at org.testng.Assert.assertEqualsImpl(Assert.java:137)
at org.testng.Assert.assertEquals(Assert.java:118)
at org.testng.Assert.assertEquals(Assert.java:453)
at org.testng.Assert.assertEquals(Assert.java:463)
at com.mytest.HomePageTest.crmHomePageTest(HomePageTest.java:13)
at sun.reflect.NativeMethodAccessorImpl.invoke0(Native Method)
at sun.reflect.NativeMethodAccessorImpl.invoke(NativeMethodAccessorImpl.java:62)
at sun.reflect.DelegatingMethodAccessorImpl.invoke(DelegatingMethodAccessorImpl.java:43)
at java.lang.reflect.Method.invoke(Method.java:498)
at org.testng.internal.MethodInvocationHelper.invokeMethod(MethodInvocationHelper.java:124)
at org.testng.internal.Invoker.invokeMethod(Invoker.java:583)
at org.testng.internal.Invoker.invokeTestMethod(Invoker.java:719)
at org.testng.internal.Invoker.invokeTestMethods(Invoker.java:989)
at org.testng.internal.TestMethodWorker.invokeTestMethods(TestMethodWorker.java:125)
at org.testng.internal.TestMethodWorker.run(TestMethodWorker.java:109)
at org.testng.TestRunner.privateRun(TestRunner.java:648)
at org.testng.TestRunner.run(TestRunner.java:505)
at org.testng.SuiteRunner.runTest(SuiteRunner.java:455)
at org.testng.SuiteRunner.access$000(SuiteRunner.java:40)
at org.testng.SuiteRunner$SuiteWorker.run(SuiteRunner.java:489)
at org.testng.internal.thread.ThreadUtil$1.call(ThreadUtil.java:52)
at java.util.concurrent.FutureTask.run(FutureTask.java:266)
at java.util.concurrent.ThreadPoolExecutor.runWorker(ThreadPoolExecutor.java:1149)
at java.util.concurrent.ThreadPoolExecutor$Worker.run(ThreadPoolExecutor.java:624)
at java.lang.Thread.run(Thread.java:748)
]]>
            </full-stacktrace>
          </exception> <!-- java.lang.AssertionError -->
          <reporter-output>
          </reporter-output>
        </test-method> <!-- crmHomePageTest -->
        <test-method status="PASS" signature="tearDown()[pri:0, instance:com.mytest.HomePageTest@5700d6b1]" name="tearDown" is-config="true" duration-ms="1433" started-at="2020-07-07T02:13:31Z" finished-at="2020-07-07T02:13:32Z">
          <reporter-output>
          </reporter-output>
        </test-method> <!-- tearDown -->
      </class> <!-- com.mytest.HomePageTest -->
    </test> <!-- CRMPRO App Test - Firefox -->
    <test name="CRMPRO App Test - Safari" duration-ms="22406" started-at="2020-07-07T02:13:14Z" finished-at="2020-07-07T02:13:36Z">
      <class name="com.mytest.LoginPageTest">
        <test-method status="PASS" signature="setup(java.lang.String)[pri:0, instance:com.mytest.LoginPageTest@1e397ed7]" name="setup" is-config="true" duration-ms="14873" started-at="2020-07-07T02:13:14Z" finished-at="2020-07-07T02:13:29Z">
          <params>
            <param index="0">
              <value>
                <![CDATA[safari]]>
              </value>
            </param>
          </params>
          <reporter-output>
          </reporter-output>
        </test-method> <!-- setup -->
        <test-method status="PASS" signature="getGoogleTitleTest()[pri:0, instance:com.mytest.LoginPageTest@1e397ed7]" name="getGoogleTitleTest" duration-ms="250" started-at="2020-07-07T02:13:29Z" finished-at="2020-07-07T02:13:29Z">
          <reporter-output>
          </reporter-output>
        </test-method> <!-- getGoogleTitleTest -->
        <test-method status="PASS" signature="tearDown()[pri:0, instance:com.mytest.LoginPageTest@1e397ed7]" name="tearDown" is-config="true" duration-ms="551" started-at="2020-07-07T02:13:29Z" finished-at="2020-07-07T02:13:29Z">
          <reporter-output>
          </reporter-output>
        </test-method> <!-- tearDown -->
      </class> <!-- com.mytest.LoginPageTest -->
      <class name="com.mytest.HomePageTest">
        <test-method status="PASS" signature="setup(java.lang.String)[pri:0, instance:com.mytest.HomePageTest@490ab905]" name="setup" is-config="true" duration-ms="4902" started-at="2020-07-07T02:13:29Z" finished-at="2020-07-07T02:13:34Z">
          <params>
            <param index="0">
              <value>
                <![CDATA[safari]]>
              </value>
            </param>
          </params>
          <reporter-output>
          </reporter-output>
        </test-method> <!-- setup -->
        <test-method status="FAIL" signature="crmHomePageTest()[pri:0, instance:com.mytest.HomePageTest@490ab905]" name="crmHomePageTest" duration-ms="1747" started-at="2020-07-07T02:13:34Z" finished-at="2020-07-07T02:13:36Z">
          <exception class="java.lang.AssertionError">
            <message>
              <![CDATA[expected [CRMPRO] but found [CRMPRO - CRM software for customer relationship management, sales, and support.]]]>
            </message>
            <full-stacktrace>
              <![CDATA[java.lang.AssertionError: expected [CRMPRO] but found [CRMPRO - CRM software for customer relationship management, sales, and support.]
at org.testng.Assert.fail(Assert.java:96)
at org.testng.Assert.failNotEquals(Assert.java:776)
at org.testng.Assert.assertEqualsImpl(Assert.java:137)
at org.testng.Assert.assertEquals(Assert.java:118)
at org.testng.Assert.assertEquals(Assert.java:453)
at org.testng.Assert.assertEquals(Assert.java:463)
at com.mytest.HomePageTest.crmHomePageTest(HomePageTest.java:13)
at sun.reflect.NativeMethodAccessorImpl.invoke0(Native Method)
at sun.reflect.NativeMethodAccessorImpl.invoke(NativeMethodAccessorImpl.java:62)
at sun.reflect.DelegatingMethodAccessorImpl.invoke(DelegatingMethodAccessorImpl.java:43)
at java.lang.reflect.Method.invoke(Method.java:498)
at org.testng.internal.MethodInvocationHelper.invokeMethod(MethodInvocationHelper.java:124)
at org.testng.internal.Invoker.invokeMethod(Invoker.java:583)
at org.testng.internal.Invoker.invokeTestMethod(Invoker.java:719)
at org.testng.internal.Invoker.invokeTestMethods(Invoker.java:989)
at org.testng.internal.TestMethodWorker.invokeTestMethods(TestMethodWorker.java:125)
at org.testng.internal.TestMethodWorker.run(TestMethodWorker.java:109)
at org.testng.TestRunner.privateRun(TestRunner.java:648)
at org.testng.TestRunner.run(TestRunner.java:505)
at org.testng.SuiteRunner.runTest(SuiteRunner.java:455)
at org.testng.SuiteRunner.access$000(SuiteRunner.java:40)
at org.testng.SuiteRunner$SuiteWorker.run(SuiteRunner.java:489)
at org.testng.internal.thread.ThreadUtil$1.call(ThreadUtil.java:52)
at java.util.concurrent.FutureTask.run(FutureTask.java:266)
at java.util.concurrent.ThreadPoolExecutor.runWorker(ThreadPoolExecutor.java:1149)
at java.util.concurrent.ThreadPoolExecutor$Worker.run(ThreadPoolExecutor.java:624)
at java.lang.Thread.run(Thread.java:748)
]]>
            </full-stacktrace>
          </exception> <!-- java.lang.AssertionError -->
          <reporter-output>
          </reporter-output>
        </test-method> <!-- crmHomePageTest -->
        <test-method status="PASS" signature="tearDown()[pri:0, instance:com.mytest.HomePageTest@490ab905]" name="tearDown" is-config="true" duration-ms="62" started-at="2020-07-07T02:13:36Z" finished-at="2020-07-07T02:13:36Z">
          <reporter-output>
          </reporter-output>
        </test-method> <!-- tearDown -->
      </class> <!-- com.mytest.HomePageTest -->
    </test> <!-- CRMPRO App Test - Safari -->
  </suite> <!-- CRMPRO Test automtion regression suite -->
</testng-results>
